<?xml version="1.0" encoding="UTF-8"?>
<testsuite xmlns:xsi="http://www.w3.org/2001/XMLSchema-instance" xsi:noNamespaceSchemaLocation="https://maven.apache.org/surefire/maven-surefire-plugin/xsd/surefire-test-report-3.0.xsd" version="3.0" name="br.com.gomide.list.singly.UnsortedSinglyLinkedListTest$Remove" time="0.029" tests="5" errors="0" skipped="0" failures="0">
  <properties>
    <property name="java.specification.version" value="22"/>
    <property name="sun.cpu.isalist" value="amd64"/>
    <property name="sun.jnu.encoding" value="Cp1252"/>
    <property name="java.class.path" value="C:\Users\isabe\Estrutura-de-Dados-I\data-structures-main\java\list\target\test-classes;C:\Users\isabe\Estrutura-de-Dados-I\data-structures-main\java\list\target\classes;C:\Users\isabe\.m2\repository\org\junit\jupiter\junit-jupiter-api\5.10.0\junit-jupiter-api-5.10.0.jar;C:\Users\isabe\.m2\repository\org\opentest4j\opentest4j\1.3.0\opentest4j-1.3.0.jar;C:\Users\isabe\.m2\repository\org\junit\platform\junit-platform-commons\1.10.0\junit-platform-commons-1.10.0.jar;C:\Users\isabe\.m2\repository\org\apiguardian\apiguardian-api\1.1.2\apiguardian-api-1.1.2.jar;C:\Users\isabe\.m2\repository\org\junit\jupiter\junit-jupiter-engine\5.10.0\junit-jupiter-engine-5.10.0.jar;C:\Users\isabe\.m2\repository\org\junit\platform\junit-platform-engine\1.10.0\junit-platform-engine-1.10.0.jar;"/>
    <property name="java.vm.vendor" value="Oracle Corporation"/>
    <property name="sun.arch.data.model" value="64"/>
    <property name="user.variant" value=""/>
    <property name="java.vendor.url" value="https://java.oracle.com/"/>
    <property name="user.timezone" value="America/Sao_Paulo"/>
    <property name="os.name" value="Windows 11"/>
    <property name="java.vm.specification.version" value="22"/>
    <property name="user.country" value="BR"/>
    <property name="sun.java.launcher" value="SUN_STANDARD"/>
    <property name="sun.boot.library.path" value="C:\programas\jdk-22_windows-x64_bin\jdk-22.0.1\bin"/>
    <property name="sun.java.command" value="C:\Users\isabe\AppData\Local\Temp\surefire18120089869813467714\surefirebooter-20241024101338541_3.jar C:\Users\isabe\AppData\Local\Temp\surefire18120089869813467714 2024-10-24T10-13-38_130-jvmRun1 surefire-20241024101338541_1tmp surefire_0-20241024101338541_2tmp"/>
    <property name="jdk.debug" value="release"/>
    <property name="test" value="br.com.gomide.list.singly.UnsortedSinglyLinkedListTest"/>
    <property name="surefire.test.class.path" value="C:\Users\isabe\Estrutura-de-Dados-I\data-structures-main\java\list\target\test-classes;C:\Users\isabe\Estrutura-de-Dados-I\data-structures-main\java\list\target\classes;C:\Users\isabe\.m2\repository\org\junit\jupiter\junit-jupiter-api\5.10.0\junit-jupiter-api-5.10.0.jar;C:\Users\isabe\.m2\repository\org\opentest4j\opentest4j\1.3.0\opentest4j-1.3.0.jar;C:\Users\isabe\.m2\repository\org\junit\platform\junit-platform-commons\1.10.0\junit-platform-commons-1.10.0.jar;C:\Users\isabe\.m2\repository\org\apiguardian\apiguardian-api\1.1.2\apiguardian-api-1.1.2.jar;C:\Users\isabe\.m2\repository\org\junit\jupiter\junit-jupiter-engine\5.10.0\junit-jupiter-engine-5.10.0.jar;C:\Users\isabe\.m2\repository\org\junit\platform\junit-platform-engine\1.10.0\junit-platform-engine-1.10.0.jar;"/>
    <property name="sun.cpu.endian" value="little"/>
    <property name="user.home" value="C:\Users\isabe"/>
    <property name="user.language" value="pt"/>
    <property name="java.specification.vendor" value="Oracle Corporation"/>
    <property name="java.version.date" value="2024-04-16"/>
    <property name="java.home" value="C:\programas\jdk-22_windows-x64_bin\jdk-22.0.1"/>
    <property name="file.separator" value="\"/>
    <property name="basedir" value="C:\Users\isabe\Estrutura-de-Dados-I\data-structures-main\java\list"/>
    <property name="java.vm.compressedOopsMode" value="32-bit"/>
    <property name="line.separator" value="&#10;"/>
    <property name="java.vm.specification.vendor" value="Oracle Corporation"/>
    <property name="java.specification.name" value="Java Platform API Specification"/>
    <property name="surefire.real.class.path" value="C:\Users\isabe\AppData\Local\Temp\surefire18120089869813467714\surefirebooter-20241024101338541_3.jar"/>
    <property name="user.script" value=""/>
    <property name="sun.management.compiler" value="HotSpot 64-Bit Tiered Compilers"/>
    <property name="java.runtime.version" value="22.0.1+8-16"/>
    <property name="user.name" value="isabe"/>
    <property name="stdout.encoding" value="Cp1252"/>
    <property name="path.separator" value=";"/>
    <property name="os.version" value="10.0"/>
    <property name="java.runtime.name" value="Java(TM) SE Runtime Environment"/>
    <property name="file.encoding" value="UTF-8"/>
    <property name="java.vm.name" value="Java HotSpot(TM) 64-Bit Server VM"/>
    <property name="maven.ext.class.path" value="C:\Users\isabe\.vscode\extensions\oracle.oracle-java-23.0.0\nbcode\java\maven-nblib\netbeans-eventspy.jar"/>
    <property name="localRepository" value="C:\Users\isabe\.m2\repository"/>
    <property name="java.vendor.url.bug" value="https://bugreport.java.com/bugreport/"/>
    <property name="java.io.tmpdir" value="C:\Users\isabe\AppData\Local\Temp\"/>
    <property name="java.version" value="22.0.1"/>
    <property name="user.dir" value="C:\Users\isabe\Estrutura-de-Dados-I\data-structures-main\java\list"/>
    <property name="os.arch" value="amd64"/>
    <property name="java.vm.specification.name" value="Java Virtual Machine Specification"/>
    <property name="sun.os.patch.level" value=""/>
    <property name="native.encoding" value="Cp1252"/>
    <property name="java.library.path" value="C:\programas\jdk-22_windows-x64_bin\jdk-22.0.1\bin;C:\WINDOWS\Sun\Java\bin;C:\WINDOWS\system32;C:\WINDOWS;C:\Program Files\Common Files\Oracle\Java\javapath;C:\Program Files (x86)\Common Files\Oracle\Java\java8path;C:\Program Files (x86)\Common Files\Oracle\Java\javapath;C:\WINDOWS\system32;C:\WINDOWS;C:\WINDOWS\System32\Wbem;C:\WINDOWS\System32\WindowsPowerShell\v1.0\;C:\WINDOWS\System32\OpenSSH\;C:\Program Files\nodejs\;C:\Users\isabe\Downloads\apache-maven-3.9.7-bin.zip;C:\apache-maven-3.9.7\bin;C:\Program Files\Git\cmd;C:\Users\isabe\AppData\Local\Microsoft\WindowsApps;C:\Users\isabe\AppData\Roaming\npm;C:\Users\isabe\AppData\Local\Programs\Microsoft VS Code\bin;C:\Users\isabe\OneDrive\Área de Trabalho\apache-maven-3.9.7-bin\bin;C:\programas\apache-maven-3.9.7-bin\apache-maven-3.9.7\bin;C:\programas\jdk-22_windows-x64_bin\jdk-22.0.1\bin;."/>
    <property name="java.vm.info" value="mixed mode, sharing"/>
    <property name="stderr.encoding" value="Cp1252"/>
    <property name="java.vendor" value="Oracle Corporation"/>
    <property name="java.vm.version" value="22.0.1+8-16"/>
    <property name="sun.io.unicode.encoding" value="UnicodeLittle"/>
    <property name="java.class.version" value="66.0"/>
  </properties>
  <testcase name="removeTheLastElement" classname="br.com.gomide.list.singly.UnsortedSinglyLinkedListTest$Remove" time="0.003"/>
  <testcase name="doesNotRemoveAnElement" classname="br.com.gomide.list.singly.UnsortedSinglyLinkedListTest$Remove" time="0.005"/>
  <testcase name="removeTheFirstElement" classname="br.com.gomide.list.singly.UnsortedSinglyLinkedListTest$Remove" time="0.003"/>
  <testcase name="removeAnExistingElement" classname="br.com.gomide.list.singly.UnsortedSinglyLinkedListTest$Remove" time="0.002"/>
  <testcase name="removeTheFirstElementOfASingleList" classname="br.com.gomide.list.singly.UnsortedSinglyLinkedListTest$Remove" time="0.003"/>
</testsuite>